<?xml version="1.0" encoding="UTF-8"?>
<testsuite xmlns:xsi="http://www.w3.org/2001/XMLSchema-instance" xsi:noNamespaceSchemaLocation="https://maven.apache.org/surefire/maven-surefire-plugin/xsd/surefire-test-report-3.0.xsd" version="3.0" name="com.qr.generation.leopex.LeopexApplicationTests" time="1.297" tests="1" errors="0" skipped="0" failures="0">
  <properties>
[...]
</properties>
  <testcase name="contextLoads" classname="com.qr.generation.leopex.LeopexApplicationTests" time="0.547">
    <system-out><![CDATA[15:20:16.238 [main] INFO org.springframework.test.context.support.AnnotationConfigContextLoaderUtils -- Could not detect default configuration classes for test class [com.qr.generation.leopex.LeopexApplicationTests]: LeopexApplicationTests does not declare any static, non-private, non-final, nested classes annotated with @Configuration.
15:20:16.303 [main] INFO org.springframework.boot.test.context.SpringBootTestContextBootstrapper -- Found @SpringBootConfiguration com.qr.generation.leopex.LeopexApplication for test class com.qr.generation.leopex.LeopexApplicationTests

  .   ____          _            __ _ _
 /\\ / ___'_ __ _ _(_)_ __  __ _ \ \ \ \
( ( )\___ | '_ | '_| | '_ \/ _` | \ \ \ \
 \\/  ___)| |_)| | | | | || (_| |  ) ) ) )
  '  |____| .__|_| |_|_| |_\__, | / / / /
 =========|_|==============|___/=/_/_/_/

 :: Spring Boot ::                (v3.3.5)

2024-11-11T15:20:16.567+01:00  INFO 14180 --- [leopex] [           main] c.q.g.leopex.LeopexApplicationTests      : Starting LeopexApplicationTests using Java 17.0.8 with PID 14180 (started by Usuario in E:\LEOPEX\EMPRESAS\luiscarlos_bigotes\generationQR\qr)
2024-11-11T15:20:16.568+01:00  INFO 14180 --- [leopex] [           main] c.q.g.leopex.LeopexApplicationTests      : No active profile set, falling back to 1 default profile: "default"
2024-11-11T15:20:16.880+01:00  INFO 14180 --- [leopex] [           main] c.q.g.leopex.LeopexApplicationTests      : Started LeopexApplicationTests in 0.487 seconds (process running for 1.074)
]]></system-out>
  </testcase>
</testsuite>